     1                                 %line 1+1 main.asm
     2                                 [section .data]
     3 00000000 506C6561736520656E-     out1 db "Please enter the first number: "
     4 00000000 746572207468652066-
     5 00000000 69727374206E756D62-
     6 00000000 65723A20           
     7 0000001F 506C6561736520656E-     out2 db "Please enter the second number: "
     8 0000001F 746572207468652073-
     9 0000001F 65636F6E64206E756D-
    10 0000001F 6265723A20         
    11 0000003F 72                      r db "r"
    12                                 
    13                                 [section .bss]
    14 00000000 <gap>                   in1 resb 3
    15 00000003 <gap>                   in2 resb 3
    16 00000006 <gap>                   junk resb 1
    17 00000007 <gap>                   quot resb 2
    18 00000009 <gap>                   rem resb 2
    19                                 
    20                                 [section .text]
    21                                 
    22                                 [global _start]
    23                                 _start:
    24                                 
    25 00000000 48C7C001000000          mov rax, 1
    26 00000007 48C7C701000000          mov rdi, 1
    27 0000000E 48C7C6[00000000]        mov rsi, out1
    28 00000015 48C7C21F000000          mov rdx, 31
    29 0000001C 0F05                    syscall
    30                                 
    31 0000001E 48C7C000000000          mov rax, 0
    32 00000025 48C7C700000000          mov rdi, 0
    33 0000002C 48C7C6[00000000]        mov rsi, in1
    34 00000033 48C7C203000000          mov rdx, 3
    35 0000003A 0F05                    syscall
    36                                 
    37 0000003C 48C7C001000000          mov rax, 1
    38 00000043 48C7C701000000          mov rdi, 1
    39 0000004A 48C7C6[00000000]        mov rsi, out2
    40 00000051 48C7C220000000          mov rdx, 32
    41 00000058 0F05                    syscall
    42                                 
    43 0000005A 48C7C000000000          mov rax, 0
    44 00000061 48C7C700000000          mov rdi, 0
    45 00000068 48C7C6[00000000]        mov rsi, in2
    46 0000006F 48C7C203000000          mov rdx, 3
    47 00000076 0F05                    syscall
    48                                 
    49 00000078 48C7C200000000          mov rdx, 0
    50 0000007F 8A0425[00000000]        mov al, [in2]
    51 00000086 2C30                    sub al, 48
    52 00000088 41B10A                  mov r9b, 10
    53 0000008B 41F6E1                  mul r9b
    54 0000008E 4188C1                  mov r9b, al
    55 00000091 44020C25[01000000]      add r9b, [in2+1]
    56 00000099 4180E930                sub r9b, 48
    57                                 
    58 0000009D 48C7C200000000          mov rdx, 0
    59 000000A4 8A0425[00000000]        mov al, [in1]
    60 000000AB 2C30                    sub al, 48
    61 000000AD 41B00A                  mov r8b, 10
    62 000000B0 41F6E0                  mul r8b
    63 000000B3 4188C0                  mov r8b, al
    64 000000B6 44020425[01000000]      add r8b, [in1+1]
    65 000000BE 4180E830                sub r8b, 48
    66                                 
    67 000000C2 48C7C200000000          mov rdx, 0
    68 000000C9 4C89C0                  mov rax, r8
    69 000000CC 49F7F1                  div r9
    70                                 
    71                                 
    72 000000CF 4188C1                  mov r9b, al
    73                                 
    74                                 
    75 000000D2 4188D2                  mov r10b, dl
    76                                 
    77                                 
    78 000000D5 48C7C000000000          mov rax,0
    79 000000DC 4488C8                  mov al, r9b
    80 000000DF 49C7C10A000000          mov r9, 10
    81 000000E6 48C7C200000000          mov rdx, 0
    82 000000ED 49F7F1                  div r9
    83 000000F0 880425[00000000]        mov [quot], al
    84 000000F7 800425[00000000]30      add byte[quot], 48
    85 000000FF 881425[01000000]        mov [quot+1], dl
    86 00000106 800425[01000000]30      add byte[quot+1], 48
    87                                 
    88                                 
    89 0000010E 48C7C000000000          mov rax, 0
    90 00000115 4488D0                  mov al, r10b
    91 00000118 49C7C10A000000          mov r9, 10
    92 0000011F 48C7C200000000          mov rdx, 0
    93 00000126 49F7F1                  div r9
    94 00000129 880425[00000000]        mov [rem], al
    95 00000130 800425[00000000]30      add byte[rem], 48
    96 00000138 881425[01000000]        mov [rem+1], dl
    97 0000013F 800425[01000000]30      add byte[rem+1], 48
    98                                 
    99                                 
   100                                 
   101 00000147 48C7C001000000          mov rax, 1
   102 0000014E 48C7C701000000          mov rdi, 1
   103 00000155 48C7C6[00000000]        mov rsi, quot
   104 0000015C 48C7C202000000          mov rdx, 2
   105 00000163 0F05                    syscall
   106                                 
   107 00000165 48C7C001000000          mov rax, 1
   108 0000016C 48C7C701000000          mov rdi, 1
   109 00000173 48C7C6[00000000]        mov rsi, r
   110 0000017A 48C7C201000000          mov rdx, 1
   111 00000181 0F05                    syscall
   112                                 
   113 00000183 48C7C001000000          mov rax, 1
   114 0000018A 48C7C701000000          mov rdi, 1
   115 00000191 48C7C6[00000000]        mov rsi, rem
   116 00000198 48C7C202000000          mov rdx, 2
   117 0000019F 0F05                    syscall
   118                                 
   119 000001A1 48C7C03C000000          mov rax, 60
   120 000001A8 48C7C700000000          mov rdi, 0
   121 000001AF 0F05                    syscall
