     1                                 %line 1+1 task3.asm
     2                                 [segment .data]
     3 00000000 456E74657220746865-     input_text_1 db "Enter the first number: "
     4 00000000 206669727374206E75-
     5 00000000 6D6265723A20       
     6 00000018 456E74657220746865-     input_text_2 db "Enter the second number: "
     7 00000018 207365636F6E64206E-
     8 00000018 756D6265723A20     
     9                                 
    10                                 [segment .bss]
    11 00000000 <gap>                   in_1 resb 8
    12 00000008 <gap>                   in_2 resb 8
    13                                 
    14                                 
    15                                 [segment .text]
    16                                 [global _start]
    17                                 
    18                                 _start:
    19                                 
    20 00000000 48C7C001000000          mov rax, 1
    21 00000007 48C7C701000000          mov rdi, 1
    22 0000000E 48C7C6[00000000]        mov rsi, input_text_1
    23 00000015 48C7C218000000          mov rdx, 24
    24 0000001C 0F05                    syscall
    25                                 
    26 0000001E 48C7C000000000          mov rax, 0
    27 00000025 48C7C700000000          mov rdi, 0
    28 0000002C 48C7C6[00000000]        mov rsi, in_1
    29 00000033 48C7C202000000          mov rdx, 2
    30                                 
    31 0000003A 0F05                    syscall
    32                                 
    33 0000003C 48C7C001000000          mov rax, 1
    34 00000043 48C7C701000000          mov rdi, 1
    35 0000004A 48C7C6[00000000]        mov rsi, input_text_2
    36 00000051 48C7C219000000          mov rdx, 25
    37 00000058 0F05                    syscall
    38                                 
    39 0000005A 48C7C000000000          mov rax, 0
    40 00000061 48C7C700000000          mov rdi, 0
    41 00000068 48C7C6[00000000]        mov rsi, in_2
    42 0000006F 48C7C202000000          mov rdx, 2
    43 00000076 0F05                    syscall
    44                                 
    45 00000078 4C8B0425[00000000]      mov r8, [in_1]
    46 00000080 4C010425[00000000]      add [in_2], r8
    47 00000088 802C25[00000000]30      sub byte[in_2], 48
    48                                 
    49 00000090 48C7C001000000          mov rax, 1
    50 00000097 48C7C701000000          mov rdi, 1
    51 0000009E 48C7C6[00000000]        mov rsi, in_2
    52 000000A5 48C7C201000000          mov rdx, 1
    53 000000AC 0F05                    syscall
    54                                 
    55 000000AE 48C7C03C000000          mov rax, 60
    56 000000B5 48C7C700000000          mov rdi, 0
    57 000000BC 0F05                    syscall
