     1                                 %line 1+1 task2.asm
     2                                 [segment .data]
     3 00000000 506C6561736520696E-     input_text_1 db "Please input a number: "
     4 00000000 7075742061206E756D-
     5 00000000 6265723A20         
     6 00000017 13110D0B07050302        p db 19, 17, 13, 11, 7, 5, 3, 2
     7                                 
     8                                 [segment .bss]
     9 00000000 <gap>                   num1 resb 3
    10 00000003 <gap>                   ans resb 2
    11                                 
    12                                 [segment .text]
    13                                 [global _start]
    14                                 
    15                                 _start:
    16                                 
    17 00000000 48C7C001000000          mov rax, 1
    18 00000007 48C7C701000000          mov rdi, 1
    19 0000000E 48C7C6[00000000]        mov rsi, input_text_1
    20 00000015 48C7C217000000          mov rdx, 23
    21 0000001C 0F05                    syscall
    22                                 
    23 0000001E 48C7C000000000          mov rax, 0
    24 00000025 48C7C700000000          mov rdi, 0
    25 0000002C 48C7C6[00000000]        mov rsi, num1
    26 00000033 48C7C203000000          mov rdx, 3
    27 0000003A 0F05                    syscall
    28                                 
    29 0000003C 8A0425[00000000]        mov al, [num1]
    30 00000043 2C30                    sub al, 48
    31 00000045 49C7C00A000000          mov r8, 10
    32 0000004C 49F7E0                  mul r8
    33 0000004F 4188C0                  mov r8b, al
    34 00000052 44020425[01000000]      add r8b, byte[num1+1]
    35 0000005A 4180E830                sub r8b, 48
    36                                 
    37 0000005E 49C7C1FFFFFFFF          mov r9, -1
    38 00000065 4D31D2                  xor r10, r10
    39                                 
    40                                 find_p:
    41 00000068 4983C101                add r9, 1
    42 0000006C 458A91[00000000]        mov r10b, [p+r9]
    43 00000073 4D39C2                  cmp r10, r8
    44 00000076 7FEE                    jg find_p
    45                                 
    46 00000078 4831C0                  xor rax, rax
    47 0000007B 418A81[00000000]        mov al, [p+r9]
    48 00000082 49C7C10A000000          mov r9, 10
    49 00000089 49F7F1                  div r9
    50 0000008C 880425[00000000]        mov [ans], al
    51 00000093 800425[00000000]30      add byte[ans], 48
    52 0000009B 881425[01000000]        mov [ans+1], dl
    53 000000A2 800425[01000000]30      add byte[ans+1], 48
    54                                 
    55 000000AA 48C7C001000000          mov rax, 1
    56 000000B1 48C7C701000000          mov rdi, 1
    57 000000B8 48C7C6[00000000]        mov rsi, ans
    58 000000BF 48C7C202000000          mov rdx, 2
    59 000000C6 0F05                    syscall
    60                                 
    61 000000C8 48C7C03C000000          mov rax, 60
    62 000000CF 48C7C700000000          mov rdi, 0
    63 000000D6 0F05                    syscall
